<?xml version="1.0" encoding="UTF-8"?>
<beans xmlns="http://www.springframework.org/schema/beans" xmlns:xsi="http://www.w3.org/2001/XMLSchema-instance"
	xmlns:context="http://www.springframework.org/schema/context" xmlns:jdbc="http://www.springframework.org/schema/jdbc"
	xsi:schemaLocation="http://www.springframework.org/schema/jdbc http://www.springframework.org/schema/jdbc/spring-jdbc-3.2.xsd
		http://www.springframework.org/schema/beans http://www.springframework.org/schema/beans/spring-beans.xsd
		http://www.springframework.org/schema/context http://www.springframework.org/schema/context/spring-context-3.2.xsd">

	<context:annotation-config />

	<import resource="classpath:/shared-ctx.xml" />

	<bean id="transactionManager" class="org.springframework.orm.jpa.JpaTransactionManager">
		<property name="entityManagerFactory" ref="emf" />
	</bean>

	<jdbc:embedded-database id="dataSource" type="HSQL" />

	<bean id="emf" class="org.springframework.orm.jpa.LocalContainerEntityManagerFactoryBean">
		<property name="dataSource" ref="dataSource" />
		<property name="jpaPropertyMap">
			<props>
				<prop key="hibernate.hbm2ddl.auto">create</prop>
				<prop key="hibernate.dialect">org.hibernate.dialect.HSQLDialect</prop>
			</props>
		</property>
		<property name="persistenceUnitName" value="zlvp" />
	</bean>

	<!-- <bean id="datasource" class="org.apache.commons.dbcp.BasicDataSource" destroy-method="close"> <property name="driverClassName" 
		value="${jdbc.driverClassName}" /> <property name="url" value="${jdbc.url}" /> <property name="username" value="${jdbc.username}" 
		/> <property name="password" value="${jdbc.password}" /> </bean> -->


	<import resource="classpath:/control-impl.xml" />

	<bean class="org.springframework.beans.factory.config.MethodInvokingFactoryBean">
		<property name="targetObject">
			<bean class="org.springframework.aop.framework.ProxyFactoryBean">
				<property name="interceptorNames" value="transactionInterceptor" />
				<property name="target">
					<bean class="de.zlvp.test.TestdataControllerImpl" />
				</property>
			</bean>
		</property>
		<property name="targetMethod" value="makeTestdata" />
	</bean>

</beans>
